<?xml version="1.0" encoding="UTF-8"?>
<!-- Generated by org.testng.reporters.JUnitXMLReporter -->
<testsuite ignored="4" hostname="VIRUS" failures="0" tests="3" name="Default test" time="1.494" errors="0" timestamp="2025-01-04T16:03:32 EET">
  <testcase classname="Standard_User.MainTestCases" name="Login" time="0.235"/>
  <testcase classname="Standard_User.MainTestCases" name="AddRandomItem" time="0.058"/>
  <testcase classname="Standard_User.MainTestCases" name="CheckoutProcess" time="0.34"/>
  <testcase classname="Standard_User.MainTestCases" name="AddItemsThatStartsWithSauce" time="0.0">
    <ignored/>
  </testcase> <!-- AddItemsThatStartsWithSauce -->
  <testcase classname="Standard_User.MainTestCases" name="RemoveItemFromThecart" time="0.0">
    <ignored/>
  </testcase> <!-- RemoveItemFromThecart -->
  <testcase classname="Standard_User.MainTestCases" name="AddCertainNumberOfItems" time="0.0">
    <ignored/>
  </testcase> <!-- AddCertainNumberOfItems -->
  <testcase classname="Standard_User.MainTestCases" name="AddAllItems" time="0.0">
    <ignored/>
  </testcase> <!-- AddAllItems -->
</testsuite> <!-- Default test -->
